#
# A fatal error has been detected by the Java Runtime Environment:
#
#  EXCEPTION_ACCESS_VIOLATION (0xc0000005) at pc=0x000000005ab181cb, pid=7004, tid=9644
#
# JRE version: 7.0_25-b17
# Java VM: Java HotSpot(TM) 64-Bit Server VM (23.25-b01 mixed mode windows-amd64 compressed oops)
# Problematic frame:
# V  [jvm.dll+0x1181cb]
#
# Failed to write core dump. Minidumps are not enabled by default on client versions of Windows
#
# If you would like to submit a bug report, please visit:
#   http://bugreport.sun.com/bugreport/crash.jsp
#

---------------  T H R E A D  ---------------

Current thread (0x00000000073b6000):  JavaThread "JDWP Transport Listener: dt_socket" daemon [_thread_in_vm, id=9644, stack(0x000000000e580000,0x000000000fe80000)]

siginfo: ExceptionCode=0xc0000005, reading address 0x00003b003b74003b

Registers:
RAX=0x000000000fe7f301, RBX=0x00000000073b6000, RCX=0x00003b003b74003b, RDX=0x0000000000000000
RSP=0x000000000fe7f2b0, RBP=0x00003b003b74003b, RSI=0x000000000fe7f3c8, RDI=0x0000000002078fd0
R8 =0x00000000073b6000, R9 =0x0000014b0102003e, R10=0x0000000000000000, R11=0x00000000073fa141
R12=0x0000000000000000, R13=0x0000000000000000, R14=0x0000000000000000, R15=0x0000000000000000
RIP=0x000000005ab181cb, EFLAGS=0x0000000000010202

Top of Stack: (sp=0x000000000fe7f2b0)
0x000000000fe7f2b0:   00000000073b6000 0000000000000006
0x000000000fe7f2c0:   000000000fe7f378 000000005ac99649
0x000000000fe7f2d0:   00000000073b6000 000000005acb5012
0x000000000fe7f2e0:   0000000000000000 0000000072728e7d
0x000000000fe7f2f0:   00000000073d1a08 000000007273264e
0x000000000fe7f300:   00000000073b6000 0000000000000000
0x000000000fe7f310:   0000000000000000 0000000000000000
0x000000000fe7f320:   00003b003b74003b 0000000072731745
0x000000000fe7f330:   000000000fe7f3c8 000000000fe7f3a0
0x000000000fe7f340:   0000000000000001 00000000073d1a08
0x000000000fe7f350:   00003b003b74003b 00000000727153b3
0x000000000fe7f360:   000000000fe7f490 0000000000000001
0x000000000fe7f370:   0000000000000001 00000000073d1a08
0x000000000fe7f380:   000000000000000a 0000000000000000
0x000000000fe7f390:   0000000000000000 0000000000000000
0x000000000fe7f3a0:   0000000000000001 0000000072715571 

Instructions: (pc=0x000000005ab181cb)
0x000000005ab181ab:   48 8b 5c 24 30 48 89 47 18 48 83 c4 20 5f c3 cc
0x000000005ab181bb:   cc cc cc cc cc 40 53 48 83 ec 20 48 85 c9 74 54
0x000000005ab181cb:   48 8b 19 48 85 db 74 4c 48 b8 fe fe fe fe fe fe
0x000000005ab181db:   fe fe 48 3b d8 74 3d 80 3d af 4b 58 00 00 74 15 


Register to memory mapping:

RAX=0x000000000fe7f301 is pointing into the stack for thread: 0x00000000073b6000
RBX=0x00000000073b6000 is a thread
RCX=0x00003b003b74003b is an unknown value
RDX=0x0000000000000000 is an unknown value
RSP=0x000000000fe7f2b0 is pointing into the stack for thread: 0x00000000073b6000
RBP=0x00003b003b74003b is an unknown value
RSI=0x000000000fe7f3c8 is pointing into the stack for thread: 0x00000000073b6000
RDI=0x0000000002078fd0 is an unknown value
R8 =0x00000000073b6000 is a thread
R9 =0x0000014b0102003e is an unknown value
R10=0x0000000000000000 is an unknown value
R11=0x00000000073fa141 is an unknown value
R12=0x0000000000000000 is an unknown value
R13=0x0000000000000000 is an unknown value
R14=0x0000000000000000 is an unknown value
R15=0x0000000000000000 is an unknown value


Stack: [0x000000000e580000,0x000000000fe80000],  sp=0x000000000fe7f2b0,  free space=25596k
Native frames: (J=compiled Java code, j=interpreted, Vv=VM code, C=native code)
V  [jvm.dll+0x1181cb]


---------------  P R O C E S S  ---------------

Java Threads: ( => current thread )
  0x00000000073e4800 JavaThread "Service Thread" daemon [_thread_blocked, id=7232, stack(0x0000000013480000,0x0000000014d80000)]
  0x00000000073da800 JavaThread "C2 CompilerThread1" daemon [_thread_blocked, id=7492, stack(0x0000000013300000,0x0000000013400000)]
  0x00000000073d4000 JavaThread "C2 CompilerThread0" daemon [_thread_blocked, id=8504, stack(0x0000000011830000,0x0000000011930000)]
  0x00000000073c5000 JavaThread "JDWP Command Reader" daemon [_thread_in_native, id=9540, stack(0x00000000119a0000,0x00000000132a0000)]
  0x00000000073c4000 JavaThread "JDWP Event Helper Thread" daemon [_thread_blocked, id=1628, stack(0x000000000ff10000,0x0000000011810000)]
=>0x00000000073b6000 JavaThread "JDWP Transport Listener: dt_socket" daemon [_thread_in_vm, id=9644, stack(0x000000000e580000,0x000000000fe80000)]
  0x00000000073ab800 JavaThread "Attach Listener" daemon [_thread_blocked, id=7644, stack(0x000000000c530000,0x000000000de30000)]
  0x00000000073a8000 JavaThread "Signal Dispatcher" daemon [_thread_blocked, id=8252, stack(0x000000000aa50000,0x000000000c350000)]
  0x0000000007322800 JavaThread "Finalizer" daemon [_thread_blocked, id=10176, stack(0x00000000090b0000,0x000000000a9b0000)]
  0x000000000731b800 JavaThread "Reference Handler" daemon [_thread_blocked, id=8644, stack(0x0000000007700000,0x0000000009000000)]
  0x000000000207d800 JavaThread "main" [_thread_blocked, id=9604, stack(0x0000000002450000,0x0000000003d50000)]

Other Threads:
  0x0000000007312800 VMThread [stack: 0x00000000074b0000,0x00000000075b0000] [id=5904]
  0x00000000073ee000 WatcherThread [stack: 0x0000000014dc0000,0x0000000014ec0000] [id=9828]

VM state:not at safepoint (normal execution)

VM Mutex/Monitor currently owned by a thread: None

Heap
 def new generation   total 29504K, used 1049K [0x000000009ae00000, 0x000000009ce00000, 0x00000000bae00000)
  eden space 26240K,   4% used [0x000000009ae00000, 0x000000009af066e8, 0x000000009c7a0000)
  from space 3264K,   0% used [0x000000009c7a0000, 0x000000009c7a0000, 0x000000009cad0000)
  to   space 3264K,   0% used [0x000000009cad0000, 0x000000009cad0000, 0x000000009ce00000)
 tenured generation   total 65536K, used 0K [0x00000000bae00000, 0x00000000bee00000, 0x00000000fae00000)
   the space 65536K,   0% used [0x00000000bae00000, 0x00000000bae00000, 0x00000000bae00200, 0x00000000bee00000)
 compacting perm gen  total 21248K, used 2514K [0x00000000fae00000, 0x00000000fc2c0000, 0x0000000100000000)
   the space 21248K,  11% used [0x00000000fae00000, 0x00000000fb074820, 0x00000000fb074a00, 0x00000000fc2c0000)
No shared spaces configured.

Card table byte_map: [0x0000000006d50000,0x0000000007080000] byte_map_base: 0x0000000006879000

Polling page: 0x0000000000130000

Code Cache  [0x0000000003d50000, 0x0000000003fc0000, 0x0000000006d50000)
 total_blobs=157 nmethods=0 adapters=132 free_code_cache=48777Kb largest_free_block=49948160

Compilation events (0 events):
No events

GC Heap History (0 events):
No events

Deoptimization events (0 events):
No events

Internal exceptions (5 events):
Event: 0.023 Thread 0x000000000207d800 Threw 0x000000009ae061b0 at C:\jdk7u2_64p\jdk7u25\hotspot\src\share\vm\prims\jni.cpp:3994
Event: 0.151 Thread 0x000000000207d800 Threw 0x000000009ae503a8 at C:\jdk7u2_64p\jdk7u25\hotspot\src\share\vm\prims\jvm.cpp:1235
Event: 0.166 Thread 0x000000000207d800 Threw 0x000000009ae56758 at C:\jdk7u2_64p\jdk7u25\hotspot\src\share\vm\prims\jvm.cpp:1235
Event: 0.171 Thread 0x000000000207d800 Threw 0x000000009ae582e8 at C:\jdk7u2_64p\jdk7u25\hotspot\src\share\vm\prims\jvm.cpp:1235
Event: 0.174 Thread 0x000000000207d800 Threw 0x000000009ae59c88 at C:\jdk7u2_64p\jdk7u25\hotspot\src\share\vm\prims\jvm.cpp:1235

Events (10 events):
Event: 8.427 Executing VM operation: GetOrSetLocal
Event: 8.427 Executing VM operation: GetOrSetLocal done
Event: 8.427 Executing VM operation: GetOrSetLocal
Event: 8.427 Executing VM operation: GetOrSetLocal done
Event: 8.430 Executing VM operation: GetOrSetLocal
Event: 8.430 Executing VM operation: GetOrSetLocal done
Event: 8.430 Executing VM operation: GetOrSetLocal
Event: 8.430 Executing VM operation: GetOrSetLocal done
Event: 90.903 Executing VM operation: RedefineClasses
Event: 90.903 Executing VM operation: RedefineClasses done


Dynamic libraries:
0x000000013fa50000 - 0x000000013fa83000 	C:\Program Files\Java\jre7\bin\javaw.exe
0x0000000077430000 - 0x00000000775d9000 	C:\Windows\SYSTEM32\ntdll.dll
0x00000000711b0000 - 0x00000000711fd000 	C:\Program Files\AVAST Software\Avast\snxhk64.dll
0x0000000077210000 - 0x000000007732f000 	C:\Windows\system32\KERNEL32.dll
0x000007fefd370000 - 0x000007fefd3db000 	C:\Windows\system32\KERNELBASE.dll
0x000007fefd6f0000 - 0x000007fefd7cb000 	C:\Windows\system32\ADVAPI32.dll
0x000007fefef30000 - 0x000007fefefcf000 	C:\Windows\system32\msvcrt.dll
0x000007fefe6b0000 - 0x000007fefe6cf000 	C:\Windows\SYSTEM32\sechost.dll
0x000007fefe950000 - 0x000007fefea7d000 	C:\Windows\system32\RPCRT4.dll
0x0000000077330000 - 0x000000007742a000 	C:\Windows\system32\USER32.dll
0x000007feff490000 - 0x000007feff4f7000 	C:\Windows\system32\GDI32.dll
0x000007fefefd0000 - 0x000007fefefde000 	C:\Windows\system32\LPK.dll
0x000007fefd7d0000 - 0x000007fefd899000 	C:\Windows\system32\USP10.dll
0x000007fefbc60000 - 0x000007fefbe54000 	C:\Windows\WinSxS\amd64_microsoft.windows.common-controls_6595b64144ccf1df_6.0.7601.17514_none_fa396087175ac9ac\COMCTL32.dll
0x000007fefe630000 - 0x000007fefe6a1000 	C:\Windows\system32\SHLWAPI.dll
0x000007feff260000 - 0x000007feff28e000 	C:\Windows\system32\IMM32.DLL
0x000007fefeb70000 - 0x000007fefec79000 	C:\Windows\system32\MSCTF.dll
0x000000005b110000 - 0x000000005b1e1000 	C:\Program Files\Java\jre7\bin\msvcr100.dll
0x000000005aa00000 - 0x000000005b10f000 	C:\Program Files\Java\jre7\bin\server\jvm.dll
0x000007fef45d0000 - 0x000007fef45d9000 	C:\Windows\system32\WSOCK32.dll
0x000007fefea80000 - 0x000007fefeacd000 	C:\Windows\system32\WS2_32.dll
0x000007fefefe0000 - 0x000007fefefe8000 	C:\Windows\system32\NSI.dll
0x000007fefa7a0000 - 0x000007fefa7db000 	C:\Windows\system32\WINMM.dll
0x00000000775f0000 - 0x00000000775f7000 	C:\Windows\system32\PSAPI.DLL
0x00000000748e0000 - 0x00000000748ef000 	C:\Program Files\Java\jre7\bin\verify.dll
0x000000005a9d0000 - 0x000000005a9f8000 	C:\Program Files\Java\jre7\bin\java.dll
0x0000000072710000 - 0x0000000072745000 	C:\Program Files\Java\jre7\bin\jdwp.dll
0x0000000072700000 - 0x0000000072708000 	C:\Program Files\Java\jre7\bin\npt.dll
0x000000005a9b0000 - 0x000000005a9c5000 	C:\Program Files\Java\jre7\bin\zip.dll
0x00000000726f0000 - 0x00000000726f9000 	C:\Program Files\Java\jre7\bin\dt_socket.dll
0x000007fefb230000 - 0x000007fefb245000 	C:\Windows\system32\NLAapi.dll
0x000007fef5520000 - 0x000007fef5535000 	C:\Windows\system32\napinsp.dll
0x000007fef5500000 - 0x000007fef5519000 	C:\Windows\system32\pnrpnsp.dll
0x000007fefca50000 - 0x000007fefcaa5000 	C:\Windows\System32\mswsock.dll
0x000007fefc8d0000 - 0x000007fefc92b000 	C:\Windows\system32\DNSAPI.dll
0x000007fef3a10000 - 0x000007fef3a1b000 	C:\Windows\System32\winrnr.dll
0x000000006a530000 - 0x000000006a556000 	C:\Program Files\Bonjour\mdnsNSP.dll
0x000007fefaf10000 - 0x000007fefaf37000 	C:\Windows\system32\Iphlpapi.DLL
0x000007fefaf00000 - 0x000007fefaf0b000 	C:\Windows\system32\WINNSI.DLL
0x000007fefadc0000 - 0x000007fefae13000 	C:\Windows\System32\fwpuclnt.dll
0x000007fef45c0000 - 0x000007fef45c8000 	C:\Windows\system32\rasadhlp.dll
0x000007fefc410000 - 0x000007fefc417000 	C:\Windows\System32\wshtcpip.dll
0x000007fef82d0000 - 0x000007fef83f5000 	C:\Windows\system32\dbghelp.dll

VM Arguments:
jvm_args: -agentlib:jdwp=transport=dt_socket,suspend=y,address=localhost:5770 -Xss25m -XX:MaxHeapFreeRatio=3 -XX:MinHeapFreeRatio=3 -XX:+UseSerialGC -Dfile.encoding=Cp1250 
java_command: FMIndex.Test
Launcher Type: SUN_STANDARD

Environment Variables:
PATH=C:\Windows\system32;C:\Windows;C:\Windows\System32\Wbem;C:\Windows\System32\WindowsPowerShell\v1.0\;C:\Program Files (x86)\Microsoft SQL Server\100\Tools\Binn\;C:\Program Files\Microsoft SQL Server\100\Tools\Binn\;C:\Program Files\Microsoft SQL Server\100\DTS\Binn\;C:\Program Files\Microsoft\Web Platform Installer\;C:\Program Files (x86)\Microsoft ASP.NET\ASP.NET Web Pages\v1.0\;C:\Program Files\Microsoft SQL Server\110\Tools\Binn\;C:\Program Files (x86)\scala\\bin;C:\Program Files (x86)\Git\cmd;C:\Program Files\TortoiseSVN\bin;C:\Python27;C:\Python27\Scripts;C:\Program Files (x86)\Windows Kits\8.1\Windows Performance Toolkit\;C:\Program Files\MATLAB\R2013b\runtime\win64;C:\Program Files\MATLAB\R2013b\bin;C:\Program Files\MATLAB\R2013b\polyspace\bin;C:\Program Files (x86)\MiKTeX 2.9\miktex\bin\;C:\Users\Marko\Anaconda;C:\Users\Marko\Anaconda\Scripts
USERNAME=Marko
OS=Windows_NT
PROCESSOR_IDENTIFIER=Intel64 Family 6 Model 26 Stepping 4, GenuineIntel



---------------  S Y S T E M  ---------------

OS: Windows 7 , 64 bit Build 7601 Service Pack 1

CPU:total 8 (4 cores per cpu, 2 threads per core) family 6 model 26 stepping 4, cmov, cx8, fxsr, mmx, sse, sse2, sse3, ssse3, sse4.1, sse4.2, popcnt, ht, tsc, tscinvbit, tscinv

Memory: 4k page, physical 6288888k(1673660k free), swap 12575912k(5398808k free)

vm_info: Java HotSpot(TM) 64-Bit Server VM (23.25-b01) for windows-amd64 JRE (1.7.0_25-b17), built on Jun 21 2013 12:58:32 by "java_re" with unknown MS VC++:1600

time: Sat Dec 21 18:18:24 2013
elapsed time: 90 seconds

